# JRE version: Java(TM) SE Runtime Environment (7.0_51-b13) (build 1.7.0_51-b13)
# Java VM: Java HotSpot(TM) Client VM (24.51-b03 mixed mode, sharing windows-x86 )
Heap
 def new generation   total 8576K, used 5152K [0x24230000, 0x24b70000, 0x29780000)
  eden space 7680K,  67% used [0x24230000, 0x24738310, 0x249b0000)
  from space 896K,   0% used [0x249b0000, 0x249b0000, 0x24a90000)
  to   space 896K,   0% used [0x24a90000, 0x24a90000, 0x24b70000)
 tenured generation   total 18880K, used 11327K [0x29780000, 0x2a9f0000, 0x34230000)
   the space 18880K,  59% used [0x29780000, 0x2a28fec0, 0x2a290000, 0x2a9f0000)
 compacting perm gen  total 12288K, used 3959K [0x34230000, 0x34e30000, 0x38230000)
   the space 12288K,  32% used [0x34230000, 0x3460df60, 0x3460e000, 0x34e30000)
    ro space 10240K,  44% used [0x38230000, 0x386a7e30, 0x386a8000, 0x38c30000)
    rw space 12288K,  52% used [0x38c30000, 0x3927eb58, 0x3927ec00, 0x39830000)
GC Heap History (10 events):
Event: 0.613 GC heap before
{Heap before GC invocations=2 (full 0):
 def new generation   total 4928K, used 4475K [0x24230000, 0x24780000, 0x29780000)
  eden space 4416K, 100% used [0x24230000, 0x24680000, 0x24680000)
  from space 512K,  11% used [0x24680000, 0x2468eda8, 0x24700000)
  to   space 512K,   0% used [0x24700000, 0x24700000, 0x24780000)
 tenured generation   total 10944K, used 5543K [0x29780000, 0x2a230000, 0x34230000)
   the space 10944K,  50% used [0x29780000, 0x29ce9ea8, 0x29cea000, 0x2a230000)
 compacting perm gen  total 12288K, used 916K [0x34230000, 0x34e30000, 0x38230000)
   the space 12288K,   7% used [0x34230000, 0x34315218, 0x34315400, 0x34e30000)
    ro space 10240K,  44% used [0x38230000, 0x386a7e30, 0x386a8000, 0x38c30000)
    rw space 12288K,  52% used [0x38c30000, 0x3927eb58, 0x3927ec00, 0x39830000)
Event: 0.615 GC heap after
Heap after GC invocations=3 (full 0):
 def new generation   total 4928K, used 328K [0x24230000, 0x24780000, 0x29780000)
  eden space 4416K,   0% used [0x24230000, 0x24230000, 0x24680000)
  from space 512K,  64% used [0x24700000, 0x24752118, 0x24780000)
  to   space 512K,   0% used [0x24680000, 0x24680000, 0x24700000)
 tenured generation   total 10944K, used 5543K [0x29780000, 0x2a230000, 0x34230000)
   the space 10944K,  50% used [0x29780000, 0x29ce9ea8, 0x29cea000, 0x2a230000)
 compacting perm gen  total 12288K, used 916K [0x34230000, 0x34e30000, 0x38230000)
   the space 12288K,   7% used [0x34230000, 0x34315218, 0x34315400, 0x34e30000)
    ro space 10240K,  44% used [0x38230000, 0x386a7e30, 0x386a8000, 0x38c30000)
    rw space 12288K,  52% used [0x38c30000, 0x3927eb58, 0x3927ec00, 0x39830000)
}
Event: 9.409 GC heap before
{Heap before GC invocations=3 (full 0):
 def new generation   total 4928K, used 4744K [0x24230000, 0x24780000, 0x29780000)
  eden space 4416K, 100% used [0x24230000, 0x24680000, 0x24680000)
  from space 512K,  64% used [0x24700000, 0x24752118, 0x24780000)
  to   space 512K,   0% used [0x24680000, 0x24680000, 0x24700000)
 tenured generation   total 10944K, used 5543K [0x29780000, 0x2a230000, 0x34230000)
   the space 10944K,  50% used [0x29780000, 0x29ce9ea8, 0x29cea000, 0x2a230000)
 compacting perm gen  total 12288K, used 1298K [0x34230000, 0x34e30000, 0x38230000)
   the space 12288K,  10% used [0x34230000, 0x34374998, 0x34374a00, 0x34e30000)
    ro space 10240K,  44% used [0x38230000, 0x386a7e30, 0x386a8000, 0x38c30000)
    rw space 12288K,  52% used [0x38c30000, 0x3927eb58, 0x3927ec00, 0x39830000)
Event: 9.415 GC heap after
Heap after GC invocations=4 (full 0):
 def new generation   total 4928K, used 305K [0x24230000, 0x24780000, 0x29780000)
  eden space 4416K,   0% used [0x24230000, 0x24230000, 0x24680000)
  from space 512K,  59% used [0x24680000, 0x246cc6b0, 0x24700000)
  to   space 512K,   0% used [0x24700000, 0x24700000, 0x24780000)
 tenured generation   total 10944K, used 8739K [0x29780000, 0x2a230000, 0x34230000)
   the space 10944K,  79% used [0x29780000, 0x2a008e28, 0x2a009000, 0x2a230000)
 compacting perm gen  total 12288K, used 1298K [0x34230000, 0x34e30000, 0x38230000)
   the space 12288K,  10% used [0x34230000, 0x34374998, 0x34374a00, 0x34e30000)
    ro space 10240K,  44% used [0x38230000, 0x386a7e30, 0x386a8000, 0x38c30000)
    rw space 12288K,  52% used [0x38c30000, 0x3927eb58, 0x3927ec00, 0x39830000)
}
Event: 9.505 GC heap before
{Heap before GC invocations=4 (full 0):
 def new generation   total 4928K, used 4696K [0x24230000, 0x24780000, 0x29780000)
  eden space 4416K,  99% used [0x24230000, 0x24679c28, 0x24680000)
  from space 512K,  59% used [0x24680000, 0x246cc6b0, 0x24700000)
  to   space 512K,   0% used [0x24700000, 0x24700000, 0x24780000)
 tenured generation   total 10944K, used 8739K [0x29780000, 0x2a230000, 0x34230000)
   the space 10944K,  79% used [0x29780000, 0x2a008e28, 0x2a009000, 0x2a230000)
 compacting perm gen  total 12288K, used 2207K [0x34230000, 0x34e30000, 0x38230000)
   the space 12288K,  17% used [0x34230000, 0x34457f30, 0x34458000, 0x34e30000)
    ro space 10240K,  44% used [0x38230000, 0x386a7e30, 0x386a8000, 0x38c30000)
    rw space 12288K,  52% used [0x38c30000, 0x3927eb58, 0x3927ec00, 0x39830000)
Event: 9.508 GC heap after
Heap after GC invocations=5 (full 0):
 def new generation   total 4928K, used 512K [0x24230000, 0x24780000, 0x29780000)
  eden space 4416K,   0% used [0x24230000, 0x24230000, 0x24680000)
  from space 512K, 100% used [0x24700000, 0x24780000, 0x24780000)
  to   space 512K,   0% used [0x24680000, 0x24680000, 0x24700000)
 tenured generation   total 10944K, used 9349K [0x29780000, 0x2a230000, 0x34230000)
   the space 10944K,  85% used [0x29780000, 0x2a0a16f0, 0x2a0a1800, 0x2a230000)
 compacting perm gen  total 12288K, used 2207K [0x34230000, 0x34e30000, 0x38230000)
   the space 12288K,  17% used [0x34230000, 0x34457f30, 0x34458000, 0x34e30000)
    ro space 10240K,  44% used [0x38230000, 0x386a7e30, 0x386a8000, 0x38c30000)
    rw space 12288K,  52% used [0x38c30000, 0x3927eb58, 0x3927ec00, 0x39830000)
}
Event: 9.670 GC heap before
{Heap before GC invocations=5 (full 0):
 def new generation   total 4928K, used 4928K [0x24230000, 0x24780000, 0x29780000)
  eden space 4416K, 100% used [0x24230000, 0x24680000, 0x24680000)
  from space 512K, 100% used [0x24700000, 0x24780000, 0x24780000)
  to   space 512K,   0% used [0x24680000, 0x24680000, 0x24700000)
 tenured generation   total 10944K, used 9349K [0x29780000, 0x2a230000, 0x34230000)
   the space 10944K,  85% used [0x29780000, 0x2a0a16f0, 0x2a0a1800, 0x2a230000)
 compacting perm gen  total 12288K, used 2699K [0x34230000, 0x34e30000, 0x38230000)
   the space 12288K,  21% used [0x34230000, 0x344d2d00, 0x344d2e00, 0x34e30000)
    ro space 10240K,  44% used [0x38230000, 0x386a7e30, 0x386a8000, 0x38c30000)
    rw space 12288K,  52% used [0x38c30000, 0x3927eb58, 0x3927ec00, 0x39830000)
Event: 9.675 GC heap after
Heap after GC invocations=6 (full 0):
 def new generation   total 4928K, used 512K [0x24230000, 0x24780000, 0x29780000)
  eden space 4416K,   0% used [0x24230000, 0x24230000, 0x24680000)
  from space 512K, 100% used [0x24680000, 0x24700000, 0x24700000)
  to   space 512K,   0% used [0x24700000, 0x24700000, 0x24780000)
 tenured generation   total 10944K, used 10363K [0x29780000, 0x2a230000, 0x34230000)
   the space 10944K,  94% used [0x29780000, 0x2a19ee60, 0x2a19f000, 0x2a230000)
 compacting perm gen  total 12288K, used 2699K [0x34230000, 0x34e30000, 0x38230000)
   the space 12288K,  21% used [0x34230000, 0x344d2d00, 0x344d2e00, 0x34e30000)
    ro space 10240K,  44% used [0x38230000, 0x386a7e30, 0x386a8000, 0x38c30000)
    rw space 12288K,  52% used [0x38c30000, 0x3927eb58, 0x3927ec00, 0x39830000)
}
Event: 9.845 GC heap before
{Heap before GC invocations=6 (full 0):
 def new generation   total 4928K, used 4928K [0x24230000, 0x24780000, 0x29780000)
  eden space 4416K, 100% used [0x24230000, 0x24680000, 0x24680000)
  from space 512K, 100% used [0x24680000, 0x24700000, 0x24700000)
  to   space 512K,   0% used [0x24700000, 0x24700000, 0x24780000)
 tenured generation   total 10944K, used 10363K [0x29780000, 0x2a230000, 0x34230000)
   the space 10944K,  94% used [0x29780000, 0x2a19ee60, 0x2a19f000, 0x2a230000)
 compacting perm gen  total 12288K, used 3367K [0x34230000, 0x34e30000, 0x38230000)
   the space 12288K,  27% used [0x34230000, 0x34579de0, 0x34579e00, 0x34e30000)
    ro space 10240K,  44% used [0x38230000, 0x386a7e30, 0x386a8000, 0x38c30000)
    rw space 12288K,  52% used [0x38c30000, 0x3927eb58, 0x3927ec00, 0x39830000)
Event: 9.868 GC heap after
Heap after GC invocations=7 (full 1):
 def new generation   total 8576K, used 460K [0x24230000, 0x24b70000, 0x29780000)
  eden space 7680K,   5% used [0x24230000, 0x242a3210, 0x249b0000)
  from space 896K,   0% used [0x249b0000, 0x249b0000, 0x24a90000)
  to   space 896K,   0% used [0x24a90000, 0x24a90000, 0x24b70000)
 tenured generation   total 18880K, used 11327K [0x29780000, 0x2a9f0000, 0x34230000)
   the space 18880K,  59% used [0x29780000, 0x2a28fec0, 0x2a290000, 0x2a9f0000)
 compacting perm gen  total 12288K, used 3367K [0x34230000, 0x34e30000, 0x38230000)
   the space 12288K,  27% used [0x34230000, 0x34579de0, 0x34579e00, 0x34e30000)
    ro space 10240K,  44% used [0x38230000, 0x386a7e30, 0x386a8000, 0x38c30000)
    rw space 12288K,  52% used [0x38c30000, 0x3927eb58, 0x3927ec00, 0x39830000)
}

